TN:
SF:src/modules/appointments/services/CreateAppointmentService.ts
FN:40,Object.<anonymous>
FN:40,Object.<anonymous>.__decorate
FN:40,Object.<anonymous>.__metadata
FN:40,Object.<anonymous>.__param
FN:40,Object.<anonymous>.__awaiter
FN:40,adopt
FN:40,fulfilled
FN:40,rejected
FN:40,step
FN:40,Object.<anonymous>.__generator
FN:40,sent
FN:40,g.<computed>
FN:40,verb
FN:40,step
FN:40,Object.<anonymous>.__importDefault
FN:15,CreateAppointmentService
FN:20,Object.<anonymous>.CreateAppointmentService.execute
FNF:17
FNH:15
FNDA:1,Object.<anonymous>
FNDA:1,Object.<anonymous>.__decorate
FNDA:1,Object.<anonymous>.__metadata
FNDA:1,Object.<anonymous>.__param
FNDA:3,Object.<anonymous>.__awaiter
FNDA:5,adopt
FNDA:5,fulfilled
FNDA:0,rejected
FNDA:7,step
FNDA:3,Object.<anonymous>.__generator
FNDA:5,sent
FNDA:0,g.<computed>
FNDA:9,verb
FNDA:8,step
FNDA:1,Object.<anonymous>.__importDefault
FNDA:2,CreateAppointmentService
FNDA:3,Object.<anonymous>.CreateAppointmentService.execute
DA:1,1
DA:2,1
DA:3,1
DA:4,1
DA:5,1
DA:6,1
DA:7,1
DA:8,1
DA:9,1
DA:10,1
DA:11,1
DA:12,1
DA:13,1
DA:14,1
DA:15,1
DA:16,2
DA:17,2
DA:18,2
DA:19,1
DA:20,1
DA:21,3
DA:22,3
DA:23,3
DA:24,3
DA:25,3
DA:26,3
DA:27,3
DA:28,1
DA:29,1
DA:30,2
DA:31,2
DA:32,2
DA:33,2
DA:34,2
DA:35,3
DA:36,3
DA:37,3
DA:38,1
DA:39,1
DA:40,1
LF:40
LH:40
BRDA:40,0,0,1
BRDA:40,1,0,1
BRDA:40,2,0,1
BRDA:40,3,0,0
BRDA:40,4,0,0
BRDA:40,5,0,0
BRDA:40,6,0,0
BRDA:40,7,0,1
BRDA:40,8,0,1
BRDA:40,9,0,1
BRDA:40,10,0,3
BRDA:40,11,0,5
BRDA:40,12,0,0
BRDA:40,13,0,3
BRDA:40,14,0,5
BRDA:40,15,0,4
BRDA:40,16,0,1
BRDA:40,17,0,7
BRDA:40,18,0,2
BRDA:40,19,0,5
BRDA:40,20,0,3
BRDA:40,21,0,5
BRDA:40,22,0,0
BRDA:40,23,0,9
BRDA:40,24,0,8
BRDA:40,25,0,8
BRDA:40,26,0,0
BRDA:40,27,0,16
BRDA:40,28,0,0
BRDA:40,29,0,0
BRDA:40,30,0,0
BRDA:40,31,0,0
BRDA:40,32,0,8
BRDA:40,33,0,8
BRDA:40,34,0,5
BRDA:40,35,0,0
BRDA:40,36,0,0
BRDA:40,37,0,3
BRDA:40,38,0,0
BRDA:40,39,0,2
BRDA:40,40,0,0
BRDA:40,41,0,0
BRDA:40,42,0,0
BRDA:40,43,0,0
BRDA:40,44,0,8
BRDA:40,45,0,7
BRDA:40,46,0,1
BRDA:40,47,0,8
BRDA:40,48,0,3
BRDA:40,49,0,1
BRDA:40,50,0,2
BRDA:40,51,0,0
BRDA:40,52,0,1
BRDA:40,53,0,0
BRDA:14,54,0,1
BRDA:15,55,0,2
BRDA:20,56,0,3
BRDA:40,57,0,3
BRDA:40,58,0,8
BRDA:40,59,0,3
BRDA:40,60,0,3
BRDA:27,61,0,1
BRDA:29,62,0,2
BRDA:40,63,0,2
BRF:64
BRH:44
end_of_record
TN:
SF:src/modules/users/services/AuthenticateUserService.ts
FN:61,Object.<anonymous>
FN:61,Object.<anonymous>.__decorate
FN:61,Object.<anonymous>.__metadata
FN:61,Object.<anonymous>.__param
FN:61,Object.<anonymous>.__awaiter
FN:61,adopt
FN:61,fulfilled
FN:61,rejected
FN:61,step
FN:61,Object.<anonymous>.__generator
FN:61,sent
FN:61,g.<computed>
FN:61,verb
FN:61,step
FN:61,Object.<anonymous>.__importDefault
FN:23,AuthenticateUserService
FN:31,Object.<anonymous>.AuthenticateUserService.execute
FNF:17
FNH:15
FNDA:1,Object.<anonymous>
FNDA:1,Object.<anonymous>.__decorate
FNDA:1,Object.<anonymous>.__metadata
FNDA:2,Object.<anonymous>.__param
FNDA:3,Object.<anonymous>.__awaiter
FNDA:5,adopt
FNDA:5,fulfilled
FNDA:0,rejected
FNDA:6,step
FNDA:3,Object.<anonymous>.__generator
FNDA:5,sent
FNDA:0,g.<computed>
FNDA:9,verb
FNDA:8,step
FNDA:2,Object.<anonymous>.__importDefault
FNDA:3,AuthenticateUserService
FNDA:3,Object.<anonymous>.AuthenticateUserService.execute
DA:1,1
DA:2,1
DA:3,1
DA:4,1
DA:5,1
DA:6,1
DA:7,1
DA:8,1
DA:9,1
DA:10,1
DA:11,1
DA:12,1
DA:13,1
DA:14,1
DA:15,1
DA:16,1
DA:17,1
DA:18,1
DA:19,1
DA:20,1
DA:21,1
DA:22,1
DA:23,1
DA:24,3
DA:25,3
DA:26,3
DA:27,3
DA:28,3
DA:29,3
DA:30,1
DA:31,1
DA:32,3
DA:33,3
DA:34,3
DA:35,1
DA:36,1
DA:37,2
DA:38,2
DA:39,2
DA:40,2
DA:41,2
DA:42,3
DA:43,3
DA:44,1
DA:45,1
DA:46,1
DA:47,1
DA:48,1
DA:49,1
DA:50,1
DA:51,1
DA:52,1
DA:53,1
DA:54,1
DA:55,1
DA:56,1
DA:57,1
DA:58,3
DA:59,1
DA:60,1
DA:61,1
LF:61
LH:61
BRDA:61,0,0,1
BRDA:61,1,0,1
BRDA:61,2,0,1
BRDA:61,3,0,0
BRDA:61,4,0,0
BRDA:61,5,0,0
BRDA:61,6,0,0
BRDA:61,7,0,1
BRDA:61,8,0,2
BRDA:61,9,0,2
BRDA:61,10,0,3
BRDA:61,11,0,5
BRDA:61,12,0,0
BRDA:61,13,0,3
BRDA:61,14,0,5
BRDA:61,15,0,3
BRDA:61,16,0,2
BRDA:61,17,0,6
BRDA:61,18,0,1
BRDA:61,19,0,5
BRDA:61,20,0,3
BRDA:61,21,0,5
BRDA:61,22,0,0
BRDA:61,23,0,9
BRDA:61,24,0,8
BRDA:61,25,0,8
BRDA:61,26,0,0
BRDA:61,27,0,16
BRDA:61,28,0,0
BRDA:61,29,0,0
BRDA:61,30,0,0
BRDA:61,31,0,0
BRDA:61,32,0,8
BRDA:61,33,0,8
BRDA:61,34,0,5
BRDA:61,35,0,0
BRDA:61,36,0,0
BRDA:61,37,0,3
BRDA:61,38,0,0
BRDA:61,39,0,1
BRDA:61,40,0,0
BRDA:61,41,0,0
BRDA:61,42,0,0
BRDA:61,43,0,0
BRDA:61,44,0,8
BRDA:61,45,0,6
BRDA:61,46,0,2
BRDA:61,47,0,8
BRDA:61,48,0,3
BRDA:61,49,0,2
BRDA:61,50,0,1
BRDA:61,51,0,0
BRDA:61,52,0,2
BRDA:61,53,0,0
BRDA:22,54,0,1
BRDA:23,55,0,3
BRDA:31,56,0,3
BRDA:61,57,0,3
BRDA:61,58,0,8
BRDA:32,59,0,3
BRDA:61,60,0,3
BRDA:34,61,0,1
BRDA:36,62,0,2
BRDA:61,63,0,2
BRDA:43,64,0,1
BRF:65
BRH:45
end_of_record
TN:
SF:src/modules/users/services/CreateUserService.ts
FN:43,Object.<anonymous>
FN:43,Object.<anonymous>.__decorate
FN:43,Object.<anonymous>.__metadata
FN:43,Object.<anonymous>.__param
FN:43,Object.<anonymous>.__awaiter
FN:43,adopt
FN:43,fulfilled
FN:43,rejected
FN:43,step
FN:43,Object.<anonymous>.__generator
FN:43,sent
FN:43,g.<computed>
FN:43,verb
FN:43,step
FN:43,Object.<anonymous>.__importDefault
FN:16,CreateUserService
FN:24,Object.<anonymous>.CreateUserService.execute
FNF:17
FNH:15
FNDA:1,Object.<anonymous>
FNDA:1,Object.<anonymous>.__decorate
FNDA:1,Object.<anonymous>.__metadata
FNDA:2,Object.<anonymous>.__param
FNDA:2,Object.<anonymous>.__awaiter
FNDA:4,adopt
FNDA:4,fulfilled
FNDA:0,rejected
FNDA:6,step
FNDA:2,Object.<anonymous>.__generator
FNDA:4,sent
FNDA:0,g.<computed>
FNDA:6,verb
FNDA:6,step
FNDA:1,Object.<anonymous>.__importDefault
FNDA:2,CreateUserService
FNDA:2,Object.<anonymous>.CreateUserService.execute
DA:1,1
DA:2,1
DA:3,1
DA:4,1
DA:5,1
DA:6,1
DA:7,1
DA:8,1
DA:9,1
DA:10,1
DA:11,1
DA:12,1
DA:13,1
DA:14,1
DA:15,1
DA:16,1
DA:17,2
DA:18,2
DA:19,2
DA:20,2
DA:21,2
DA:22,2
DA:23,1
DA:24,1
DA:25,2
DA:26,2
DA:27,2
DA:28,0
DA:29,0
DA:30,2
DA:31,2
DA:32,2
DA:33,2
DA:34,2
DA:35,2
DA:36,2
DA:37,2
DA:38,2
DA:39,2
DA:40,2
DA:41,1
DA:42,1
DA:43,1
LF:43
LH:41
BRDA:43,0,0,1
BRDA:43,1,0,1
BRDA:43,2,0,1
BRDA:43,3,0,0
BRDA:43,4,0,0
BRDA:43,5,0,0
BRDA:43,6,0,0
BRDA:43,7,0,1
BRDA:43,8,0,2
BRDA:43,9,0,2
BRDA:43,10,0,2
BRDA:43,11,0,4
BRDA:43,12,0,0
BRDA:43,13,0,2
BRDA:43,14,0,4
BRDA:43,15,0,0
BRDA:43,16,0,6
BRDA:43,17,0,2
BRDA:43,18,0,4
BRDA:43,19,0,2
BRDA:43,20,0,4
BRDA:43,21,0,0
BRDA:43,22,0,6
BRDA:43,23,0,6
BRDA:43,24,0,6
BRDA:43,25,0,0
BRDA:43,26,0,12
BRDA:43,27,0,0
BRDA:43,28,0,0
BRDA:43,29,0,0
BRDA:43,30,0,0
BRDA:43,31,0,6
BRDA:43,32,0,6
BRDA:43,33,0,4
BRDA:43,34,0,0
BRDA:43,35,0,0
BRDA:43,36,0,2
BRDA:43,37,0,0
BRDA:43,38,0,0
BRDA:43,39,0,0
BRDA:43,40,0,0
BRDA:43,41,0,0
BRDA:43,42,0,6
BRDA:43,43,0,0
BRDA:43,44,0,6
BRDA:43,45,0,2
BRDA:43,46,0,0
BRDA:43,47,0,2
BRDA:43,48,0,0
BRDA:43,49,0,1
BRDA:43,50,0,0
BRDA:15,51,0,1
BRDA:16,52,0,2
BRDA:24,53,0,2
BRDA:43,54,0,2
BRDA:43,55,0,6
BRDA:25,56,0,2
BRDA:43,57,0,2
BRDA:27,58,0,0
BRDA:43,59,0,2
BRF:60
BRH:36
end_of_record
TN:
SF:src/modules/users/services/UpdateUserAvatarService.ts
FN:45,Object.<anonymous>
FN:45,Object.<anonymous>.__decorate
FN:45,Object.<anonymous>.__metadata
FN:45,Object.<anonymous>.__param
FN:45,Object.<anonymous>.__awaiter
FN:45,adopt
FN:45,fulfilled
FN:45,rejected
FN:45,step
FN:45,Object.<anonymous>.__generator
FN:45,sent
FN:45,g.<computed>
FN:45,verb
FN:45,step
FN:45,Object.<anonymous>.__importDefault
FN:18,UpdateUserAvatarService
FN:26,Object.<anonymous>.UpdateUserAvatarService.execute
FNF:17
FNH:15
FNDA:1,Object.<anonymous>
FNDA:1,Object.<anonymous>.__decorate
FNDA:1,Object.<anonymous>.__metadata
FNDA:2,Object.<anonymous>.__param
FNDA:4,Object.<anonymous>.__awaiter
FNDA:10,adopt
FNDA:10,fulfilled
FNDA:0,rejected
FNDA:13,step
FNDA:4,Object.<anonymous>.__generator
FNDA:10,sent
FNDA:0,g.<computed>
FNDA:12,verb
FNDA:14,step
FNDA:1,Object.<anonymous>.__importDefault
FNDA:3,UpdateUserAvatarService
FNDA:4,Object.<anonymous>.UpdateUserAvatarService.execute
DA:1,1
DA:2,1
DA:3,1
DA:4,1
DA:5,1
DA:6,1
DA:7,1
DA:8,1
DA:9,1
DA:10,1
DA:11,1
DA:12,1
DA:13,1
DA:14,1
DA:15,1
DA:16,1
DA:17,1
DA:18,1
DA:19,3
DA:20,3
DA:21,3
DA:22,3
DA:23,3
DA:24,3
DA:25,1
DA:26,1
DA:27,4
DA:28,4
DA:29,4
DA:30,1
DA:31,1
DA:32,3
DA:33,4
DA:34,1
DA:35,1
DA:36,3
DA:37,3
DA:38,4
DA:39,4
DA:40,4
DA:41,4
DA:42,4
DA:43,1
DA:44,1
DA:45,1
LF:45
LH:45
BRDA:45,0,0,1
BRDA:45,1,0,1
BRDA:45,2,0,1
BRDA:45,3,0,0
BRDA:45,4,0,0
BRDA:45,5,0,0
BRDA:45,6,0,0
BRDA:45,7,0,1
BRDA:45,8,0,2
BRDA:45,9,0,2
BRDA:45,10,0,4
BRDA:45,11,0,10
BRDA:45,12,0,0
BRDA:45,13,0,4
BRDA:45,14,0,10
BRDA:45,15,0,9
BRDA:45,16,0,1
BRDA:45,17,0,13
BRDA:45,18,0,3
BRDA:45,19,0,10
BRDA:45,20,0,4
BRDA:45,21,0,10
BRDA:45,22,0,0
BRDA:45,23,0,12
BRDA:45,24,0,14
BRDA:45,25,0,14
BRDA:45,26,0,0
BRDA:45,27,0,28
BRDA:45,28,0,0
BRDA:45,29,0,0
BRDA:45,30,0,0
BRDA:45,31,0,0
BRDA:45,32,0,14
BRDA:45,33,0,14
BRDA:45,34,0,10
BRDA:45,35,0,0
BRDA:45,36,0,0
BRDA:45,37,0,4
BRDA:45,38,0,0
BRDA:45,39,0,3
BRDA:45,40,0,0
BRDA:45,41,0,0
BRDA:45,42,0,0
BRDA:45,43,0,0
BRDA:45,44,0,14
BRDA:45,45,0,13
BRDA:45,46,0,1
BRDA:45,47,0,14
BRDA:45,48,0,4
BRDA:45,49,0,1
BRDA:45,50,0,3
BRDA:45,51,0,0
BRDA:45,52,0,1
BRDA:45,53,0,0
BRDA:17,54,0,1
BRDA:18,55,0,3
BRDA:26,56,0,4
BRDA:45,57,0,4
BRDA:45,58,0,14
BRDA:27,59,0,4
BRDA:45,60,0,4
BRDA:29,61,0,1
BRDA:31,62,0,3
BRDA:33,63,0,1
BRDA:35,64,0,3
BRDA:45,65,0,3
BRDA:45,66,0,3
BRF:67
BRH:47
end_of_record
