TN:
SF:src/modules/appointments/services/CreateAppointmentService.ts
FN:40,Object.<anonymous>
FN:40,Object.<anonymous>.__decorate
FN:40,Object.<anonymous>.__metadata
FN:40,Object.<anonymous>.__param
FN:40,Object.<anonymous>.__awaiter
FN:40,adopt
FN:40,fulfilled
FN:40,rejected
FN:40,step
FN:40,Object.<anonymous>.__generator
FN:40,sent
FN:40,g.<computed>
FN:40,verb
FN:40,step
FN:40,Object.<anonymous>.__importDefault
FN:15,CreateAppointmentService
FN:20,Object.<anonymous>.CreateAppointmentService.execute
FNF:17
FNH:15
FNDA:1,Object.<anonymous>
FNDA:1,Object.<anonymous>.__decorate
FNDA:1,Object.<anonymous>.__metadata
FNDA:1,Object.<anonymous>.__param
FNDA:3,Object.<anonymous>.__awaiter
FNDA:5,adopt
FNDA:5,fulfilled
FNDA:0,rejected
FNDA:7,step
FNDA:3,Object.<anonymous>.__generator
FNDA:5,sent
FNDA:0,g.<computed>
FNDA:9,verb
FNDA:8,step
FNDA:1,Object.<anonymous>.__importDefault
FNDA:2,CreateAppointmentService
FNDA:3,Object.<anonymous>.CreateAppointmentService.execute
DA:1,1
DA:2,1
DA:3,1
DA:4,1
DA:5,1
DA:6,1
DA:7,1
DA:8,1
DA:9,1
DA:10,1
DA:11,1
DA:12,1
DA:13,1
DA:14,1
DA:15,1
DA:16,2
DA:17,2
DA:18,2
DA:19,1
DA:20,1
DA:21,3
DA:22,3
DA:23,3
DA:24,3
DA:25,3
DA:26,3
DA:27,3
DA:28,1
DA:29,1
DA:30,2
DA:31,2
DA:32,2
DA:33,2
DA:34,2
DA:35,3
DA:36,3
DA:37,3
DA:38,1
DA:39,1
DA:40,1
LF:40
LH:40
BRDA:40,0,0,1
BRDA:40,1,0,1
BRDA:40,2,0,1
BRDA:40,3,0,0
BRDA:40,4,0,0
BRDA:40,5,0,0
BRDA:40,6,0,0
BRDA:40,7,0,1
BRDA:40,8,0,1
BRDA:40,9,0,1
BRDA:40,10,0,3
BRDA:40,11,0,5
BRDA:40,12,0,0
BRDA:40,13,0,3
BRDA:40,14,0,5
BRDA:40,15,0,4
BRDA:40,16,0,1
BRDA:40,17,0,7
BRDA:40,18,0,2
BRDA:40,19,0,5
BRDA:40,20,0,3
BRDA:40,21,0,5
BRDA:40,22,0,0
BRDA:40,23,0,9
BRDA:40,24,0,8
BRDA:40,25,0,8
BRDA:40,26,0,0
BRDA:40,27,0,16
BRDA:40,28,0,0
BRDA:40,29,0,0
BRDA:40,30,0,0
BRDA:40,31,0,0
BRDA:40,32,0,8
BRDA:40,33,0,8
BRDA:40,34,0,5
BRDA:40,35,0,0
BRDA:40,36,0,0
BRDA:40,37,0,3
BRDA:40,38,0,0
BRDA:40,39,0,2
BRDA:40,40,0,0
BRDA:40,41,0,0
BRDA:40,42,0,0
BRDA:40,43,0,0
BRDA:40,44,0,8
BRDA:40,45,0,7
BRDA:40,46,0,1
BRDA:40,47,0,8
BRDA:40,48,0,3
BRDA:40,49,0,1
BRDA:40,50,0,2
BRDA:40,51,0,0
BRDA:40,52,0,1
BRDA:40,53,0,0
BRDA:14,54,0,1
BRDA:15,55,0,2
BRDA:20,56,0,3
BRDA:40,57,0,3
BRDA:40,58,0,8
BRDA:40,59,0,3
BRDA:40,60,0,3
BRDA:27,61,0,1
BRDA:29,62,0,2
BRDA:40,63,0,2
BRF:64
BRH:44
end_of_record
TN:
SF:src/modules/users/services/AuthenticateUserService.ts
FN:61,Object.<anonymous>
FN:61,Object.<anonymous>.__decorate
FN:61,Object.<anonymous>.__metadata
FN:61,Object.<anonymous>.__param
FN:61,Object.<anonymous>.__awaiter
FN:61,adopt
FN:61,fulfilled
FN:61,rejected
FN:61,step
FN:61,Object.<anonymous>.__generator
FN:61,sent
FN:61,g.<computed>
FN:61,verb
FN:61,step
FN:61,Object.<anonymous>.__importDefault
FN:23,AuthenticateUserService
FN:31,Object.<anonymous>.AuthenticateUserService.execute
FNF:17
FNH:15
FNDA:1,Object.<anonymous>
FNDA:1,Object.<anonymous>.__decorate
FNDA:1,Object.<anonymous>.__metadata
FNDA:2,Object.<anonymous>.__param
FNDA:3,Object.<anonymous>.__awaiter
FNDA:5,adopt
FNDA:5,fulfilled
FNDA:0,rejected
FNDA:6,step
FNDA:3,Object.<anonymous>.__generator
FNDA:5,sent
FNDA:0,g.<computed>
FNDA:9,verb
FNDA:8,step
FNDA:2,Object.<anonymous>.__importDefault
FNDA:3,AuthenticateUserService
FNDA:3,Object.<anonymous>.AuthenticateUserService.execute
DA:1,1
DA:2,1
DA:3,1
DA:4,1
DA:5,1
DA:6,1
DA:7,1
DA:8,1
DA:9,1
DA:10,1
DA:11,1
DA:12,1
DA:13,1
DA:14,1
DA:15,1
DA:16,1
DA:17,1
DA:18,1
DA:19,1
DA:20,1
DA:21,1
DA:22,1
DA:23,1
DA:24,3
DA:25,3
DA:26,3
DA:27,3
DA:28,3
DA:29,3
DA:30,1
DA:31,1
DA:32,3
DA:33,3
DA:34,3
DA:35,1
DA:36,1
DA:37,2
DA:38,2
DA:39,2
DA:40,2
DA:41,2
DA:42,3
DA:43,3
DA:44,1
DA:45,1
DA:46,1
DA:47,1
DA:48,1
DA:49,1
DA:50,1
DA:51,1
DA:52,1
DA:53,1
DA:54,1
DA:55,1
DA:56,1
DA:57,1
DA:58,3
DA:59,1
DA:60,1
DA:61,1
LF:61
LH:61
BRDA:61,0,0,1
BRDA:61,1,0,1
BRDA:61,2,0,1
BRDA:61,3,0,0
BRDA:61,4,0,0
BRDA:61,5,0,0
BRDA:61,6,0,0
BRDA:61,7,0,1
BRDA:61,8,0,2
BRDA:61,9,0,2
BRDA:61,10,0,3
BRDA:61,11,0,5
BRDA:61,12,0,0
BRDA:61,13,0,3
BRDA:61,14,0,5
BRDA:61,15,0,3
BRDA:61,16,0,2
BRDA:61,17,0,6
BRDA:61,18,0,1
BRDA:61,19,0,5
BRDA:61,20,0,3
BRDA:61,21,0,5
BRDA:61,22,0,0
BRDA:61,23,0,9
BRDA:61,24,0,8
BRDA:61,25,0,8
BRDA:61,26,0,0
BRDA:61,27,0,16
BRDA:61,28,0,0
BRDA:61,29,0,0
BRDA:61,30,0,0
BRDA:61,31,0,0
BRDA:61,32,0,8
BRDA:61,33,0,8
BRDA:61,34,0,5
BRDA:61,35,0,0
BRDA:61,36,0,0
BRDA:61,37,0,3
BRDA:61,38,0,0
BRDA:61,39,0,1
BRDA:61,40,0,0
BRDA:61,41,0,0
BRDA:61,42,0,0
BRDA:61,43,0,0
BRDA:61,44,0,8
BRDA:61,45,0,6
BRDA:61,46,0,2
BRDA:61,47,0,8
BRDA:61,48,0,3
BRDA:61,49,0,2
BRDA:61,50,0,1
BRDA:61,51,0,0
BRDA:61,52,0,2
BRDA:61,53,0,0
BRDA:22,54,0,1
BRDA:23,55,0,3
BRDA:31,56,0,3
BRDA:61,57,0,3
BRDA:61,58,0,8
BRDA:32,59,0,3
BRDA:61,60,0,3
BRDA:34,61,0,1
BRDA:36,62,0,2
BRDA:61,63,0,2
BRDA:43,64,0,1
BRF:65
BRH:45
end_of_record
TN:
SF:src/modules/users/services/CreateUserService.ts
FN:43,Object.<anonymous>
FN:43,Object.<anonymous>.__decorate
FN:43,Object.<anonymous>.__metadata
FN:43,Object.<anonymous>.__param
FN:43,Object.<anonymous>.__awaiter
FN:43,adopt
FN:43,fulfilled
FN:43,rejected
FN:43,step
FN:43,Object.<anonymous>.__generator
FN:43,sent
FN:43,g.<computed>
FN:43,verb
FN:43,step
FN:43,Object.<anonymous>.__importDefault
FN:16,CreateUserService
FN:24,Object.<anonymous>.CreateUserService.execute
FNF:17
FNH:15
FNDA:2,Object.<anonymous>
FNDA:2,Object.<anonymous>.__decorate
FNDA:2,Object.<anonymous>.__metadata
FNDA:4,Object.<anonymous>.__param
FNDA:5,Object.<anonymous>.__awaiter
FNDA:9,adopt
FNDA:9,fulfilled
FNDA:0,rejected
FNDA:13,step
FNDA:5,Object.<anonymous>.__generator
FNDA:9,sent
FNDA:0,g.<computed>
FNDA:15,verb
FNDA:14,step
FNDA:2,Object.<anonymous>.__importDefault
FNDA:5,CreateUserService
FNDA:5,Object.<anonymous>.CreateUserService.execute
DA:1,1
DA:2,1
DA:3,1
DA:4,1
DA:5,1
DA:6,1
DA:7,1
DA:8,1
DA:9,1
DA:10,1
DA:11,1
DA:12,1
DA:13,1
DA:14,1
DA:15,2
DA:16,2
DA:17,5
DA:18,5
DA:19,5
DA:20,5
DA:21,5
DA:22,5
DA:23,2
DA:24,2
DA:25,5
DA:26,5
DA:27,5
DA:28,1
DA:29,1
DA:30,4
DA:31,4
DA:32,5
DA:33,5
DA:34,5
DA:35,5
DA:36,5
DA:37,5
DA:38,5
DA:39,5
DA:40,5
DA:41,2
DA:42,1
DA:43,1
LF:43
LH:43
BRDA:43,0,0,2
BRDA:43,1,0,2
BRDA:43,2,0,2
BRDA:43,3,0,0
BRDA:43,4,0,0
BRDA:43,5,0,0
BRDA:43,6,0,0
BRDA:43,7,0,2
BRDA:43,8,0,4
BRDA:43,9,0,4
BRDA:43,10,0,5
BRDA:43,11,0,9
BRDA:43,12,0,0
BRDA:43,13,0,5
BRDA:43,14,0,9
BRDA:43,15,0,8
BRDA:43,16,0,1
BRDA:43,17,0,13
BRDA:43,18,0,4
BRDA:43,19,0,9
BRDA:43,20,0,5
BRDA:43,21,0,9
BRDA:43,22,0,0
BRDA:43,23,0,15
BRDA:43,24,0,14
BRDA:43,25,0,14
BRDA:43,26,0,0
BRDA:43,27,0,28
BRDA:43,28,0,0
BRDA:43,29,0,0
BRDA:43,30,0,0
BRDA:43,31,0,0
BRDA:43,32,0,14
BRDA:43,33,0,14
BRDA:43,34,0,9
BRDA:43,35,0,0
BRDA:43,36,0,0
BRDA:43,37,0,5
BRDA:43,38,0,0
BRDA:43,39,0,4
BRDA:43,40,0,0
BRDA:43,41,0,0
BRDA:43,42,0,0
BRDA:43,43,0,0
BRDA:43,44,0,22
BRDA:43,45,0,14
BRDA:43,46,0,13
BRDA:43,47,0,1
BRDA:43,48,0,14
BRDA:43,49,0,5
BRDA:43,50,0,1
BRDA:43,51,0,4
BRDA:43,52,0,0
BRDA:43,53,0,2
BRDA:43,54,0,0
BRDA:15,55,0,2
BRDA:16,56,0,5
BRDA:24,57,0,5
BRDA:43,58,0,5
BRDA:43,59,0,14
BRDA:25,60,0,5
BRDA:43,61,0,5
BRDA:27,62,0,1
BRDA:29,63,0,4
BRDA:43,64,0,4
BRF:65
BRH:45
end_of_record
TN:
SF:src/modules/users/services/ResetPasswordService.ts
FN:53,Object.<anonymous>
FN:53,Object.<anonymous>.__decorate
FN:53,Object.<anonymous>.__metadata
FN:53,Object.<anonymous>.__param
FN:53,Object.<anonymous>.__awaiter
FN:53,adopt
FN:53,fulfilled
FN:53,rejected
FN:53,step
FN:53,Object.<anonymous>.__generator
FN:53,sent
FN:53,g.<computed>
FN:53,verb
FN:53,step
FN:53,Object.<anonymous>.__importDefault
FN:16,ResetPasswordService
FN:27,Object.<anonymous>.ResetPasswordService.execute
FNF:17
FNH:15
FNDA:1,Object.<anonymous>
FNDA:1,Object.<anonymous>.__decorate
FNDA:1,Object.<anonymous>.__metadata
FNDA:3,Object.<anonymous>.__param
FNDA:4,Object.<anonymous>.__awaiter
FNDA:9,adopt
FNDA:9,fulfilled
FNDA:0,rejected
FNDA:10,step
FNDA:4,Object.<anonymous>.__generator
FNDA:9,sent
FNDA:0,g.<computed>
FNDA:12,verb
FNDA:13,step
FNDA:1,Object.<anonymous>.__importDefault
FNDA:4,ResetPasswordService
FNDA:4,Object.<anonymous>.ResetPasswordService.execute
DA:1,1
DA:2,1
DA:3,1
DA:4,1
DA:5,1
DA:6,1
DA:7,1
DA:8,1
DA:9,1
DA:10,1
DA:11,1
DA:12,1
DA:13,1
DA:14,1
DA:15,1
DA:16,1
DA:17,4
DA:18,4
DA:19,4
DA:20,4
DA:21,4
DA:22,4
DA:23,4
DA:24,4
DA:25,4
DA:26,1
DA:27,1
DA:28,4
DA:29,4
DA:30,4
DA:31,1
DA:32,1
DA:33,3
DA:34,3
DA:35,4
DA:36,4
DA:37,1
DA:38,1
DA:39,2
DA:40,2
DA:41,2
DA:42,2
DA:43,4
DA:44,1
DA:45,1
DA:46,1
DA:47,1
DA:48,4
DA:49,4
DA:50,4
DA:51,1
DA:52,1
DA:53,1
LF:53
LH:53
BRDA:53,0,0,1
BRDA:53,1,0,1
BRDA:53,2,0,1
BRDA:53,3,0,0
BRDA:53,4,0,0
BRDA:53,5,0,0
BRDA:53,6,0,0
BRDA:53,7,0,1
BRDA:53,8,0,3
BRDA:53,9,0,3
BRDA:53,10,0,4
BRDA:53,11,0,9
BRDA:53,12,0,0
BRDA:53,13,0,4
BRDA:53,14,0,9
BRDA:53,15,0,6
BRDA:53,16,0,3
BRDA:53,17,0,10
BRDA:53,18,0,1
BRDA:53,19,0,9
BRDA:53,20,0,4
BRDA:53,21,0,9
BRDA:53,22,0,0
BRDA:53,23,0,12
BRDA:53,24,0,13
BRDA:53,25,0,13
BRDA:53,26,0,0
BRDA:53,27,0,26
BRDA:53,28,0,0
BRDA:53,29,0,0
BRDA:53,30,0,0
BRDA:53,31,0,0
BRDA:53,32,0,13
BRDA:53,33,0,13
BRDA:53,34,0,9
BRDA:53,35,0,0
BRDA:53,36,0,0
BRDA:53,37,0,4
BRDA:53,38,0,0
BRDA:53,39,0,1
BRDA:53,40,0,0
BRDA:53,41,0,0
BRDA:53,42,0,0
BRDA:53,43,0,0
BRDA:53,44,0,13
BRDA:53,45,0,10
BRDA:53,46,0,3
BRDA:53,47,0,13
BRDA:53,48,0,4
BRDA:53,49,0,3
BRDA:53,50,0,1
BRDA:53,51,0,0
BRDA:53,52,0,1
BRDA:53,53,0,0
BRDA:15,54,0,1
BRDA:16,55,0,4
BRDA:27,56,0,4
BRDA:53,57,0,4
BRDA:53,58,0,13
BRDA:28,59,0,4
BRDA:53,60,0,4
BRDA:30,61,0,1
BRDA:32,62,0,3
BRDA:53,63,0,3
BRDA:36,64,0,1
BRDA:38,65,0,2
BRDA:43,66,0,1
BRDA:53,67,0,1
BRDA:53,68,0,1
BRF:69
BRH:49
end_of_record
TN:
SF:src/modules/users/services/SendForgotPasswordEmailService.ts
FN:60,Object.<anonymous>
FN:60,Object.<anonymous>.__decorate
FN:60,Object.<anonymous>.__metadata
FN:60,Object.<anonymous>.__param
FN:60,Object.<anonymous>.__awaiter
FN:60,adopt
FN:60,fulfilled
FN:60,rejected
FN:60,step
FN:60,Object.<anonymous>.__generator
FN:60,sent
FN:60,g.<computed>
FN:60,verb
FN:60,step
FN:60,Object.<anonymous>.__importDefault
FN:16,SendForgotPasswordEmailService
FN:27,Object.<anonymous>.SendForgotPasswordEmailService.execute
FNF:17
FNH:15
FNDA:1,Object.<anonymous>
FNDA:1,Object.<anonymous>.__decorate
FNDA:1,Object.<anonymous>.__metadata
FNDA:3,Object.<anonymous>.__param
FNDA:3,Object.<anonymous>.__awaiter
FNDA:7,adopt
FNDA:7,fulfilled
FNDA:0,rejected
FNDA:9,step
FNDA:3,Object.<anonymous>.__generator
FNDA:7,sent
FNDA:0,g.<computed>
FNDA:9,verb
FNDA:10,step
FNDA:2,Object.<anonymous>.__importDefault
FNDA:3,SendForgotPasswordEmailService
FNDA:3,Object.<anonymous>.SendForgotPasswordEmailService.execute
DA:1,1
DA:2,1
DA:3,1
DA:4,1
DA:5,1
DA:6,1
DA:7,1
DA:8,1
DA:9,1
DA:10,1
DA:11,1
DA:12,1
DA:13,1
DA:14,1
DA:15,1
DA:16,1
DA:17,3
DA:18,3
DA:19,3
DA:20,3
DA:21,3
DA:22,3
DA:23,3
DA:24,3
DA:25,3
DA:26,1
DA:27,1
DA:28,3
DA:29,3
DA:30,3
DA:31,1
DA:32,1
DA:33,2
DA:34,2
DA:35,3
DA:36,3
DA:37,3
DA:38,3
DA:39,3
DA:40,3
DA:41,3
DA:42,3
DA:43,3
DA:44,3
DA:45,3
DA:46,3
DA:47,3
DA:48,3
DA:49,3
DA:50,3
DA:51,3
DA:52,3
DA:53,3
DA:54,3
DA:55,3
DA:56,3
DA:57,3
DA:58,1
DA:59,1
DA:60,1
LF:60
LH:60
BRDA:60,0,0,1
BRDA:60,1,0,1
BRDA:60,2,0,1
BRDA:60,3,0,0
BRDA:60,4,0,0
BRDA:60,5,0,0
BRDA:60,6,0,0
BRDA:60,7,0,1
BRDA:60,8,0,3
BRDA:60,9,0,3
BRDA:60,10,0,3
BRDA:60,11,0,7
BRDA:60,12,0,0
BRDA:60,13,0,3
BRDA:60,14,0,7
BRDA:60,15,0,6
BRDA:60,16,0,1
BRDA:60,17,0,9
BRDA:60,18,0,2
BRDA:60,19,0,7
BRDA:60,20,0,3
BRDA:60,21,0,7
BRDA:60,22,0,0
BRDA:60,23,0,9
BRDA:60,24,0,10
BRDA:60,25,0,10
BRDA:60,26,0,0
BRDA:60,27,0,20
BRDA:60,28,0,0
BRDA:60,29,0,0
BRDA:60,30,0,0
BRDA:60,31,0,0
BRDA:60,32,0,10
BRDA:60,33,0,10
BRDA:60,34,0,7
BRDA:60,35,0,0
BRDA:60,36,0,0
BRDA:60,37,0,3
BRDA:60,38,0,0
BRDA:60,39,0,2
BRDA:60,40,0,0
BRDA:60,41,0,0
BRDA:60,42,0,0
BRDA:60,43,0,0
BRDA:60,44,0,10
BRDA:60,45,0,9
BRDA:60,46,0,1
BRDA:60,47,0,10
BRDA:60,48,0,3
BRDA:60,49,0,1
BRDA:60,50,0,2
BRDA:60,51,0,0
BRDA:60,52,0,2
BRDA:60,53,0,1
BRDA:60,54,0,1
BRDA:15,55,0,1
BRDA:16,56,0,3
BRDA:27,57,0,3
BRDA:60,58,0,3
BRDA:60,59,0,10
BRDA:28,60,0,3
BRDA:60,61,0,3
BRDA:30,62,0,1
BRDA:32,63,0,2
BRDA:60,64,0,2
BRDA:60,65,0,2
BRF:66
BRH:47
end_of_record
TN:
SF:src/modules/users/services/ShowProfileService.ts
FN:30,Object.<anonymous>
FN:30,Object.<anonymous>.__decorate
FN:30,Object.<anonymous>.__metadata
FN:30,Object.<anonymous>.__param
FN:30,Object.<anonymous>.__awaiter
FN:30,adopt
FN:30,fulfilled
FN:30,rejected
FN:30,step
FN:30,Object.<anonymous>.__generator
FN:30,sent
FN:30,g.<computed>
FN:30,verb
FN:30,step
FN:30,Object.<anonymous>.__importDefault
FN:14,ShowProfileService
FN:19,Object.<anonymous>.ShowProfileService.execute
FNF:17
FNH:15
FNDA:1,Object.<anonymous>
FNDA:1,Object.<anonymous>.__decorate
FNDA:1,Object.<anonymous>.__metadata
FNDA:1,Object.<anonymous>.__param
FNDA:2,Object.<anonymous>.__awaiter
FNDA:2,adopt
FNDA:2,fulfilled
FNDA:0,rejected
FNDA:3,step
FNDA:2,Object.<anonymous>.__generator
FNDA:2,sent
FNDA:0,g.<computed>
FNDA:6,verb
FNDA:4,step
FNDA:1,Object.<anonymous>.__importDefault
FNDA:2,ShowProfileService
FNDA:2,Object.<anonymous>.ShowProfileService.execute
DA:1,1
DA:2,1
DA:3,1
DA:4,1
DA:5,1
DA:6,1
DA:7,1
DA:8,1
DA:9,1
DA:10,1
DA:11,1
DA:12,1
DA:13,1
DA:14,1
DA:15,2
DA:16,2
DA:17,2
DA:18,1
DA:19,1
DA:20,2
DA:21,2
DA:22,2
DA:23,1
DA:24,1
DA:25,1
DA:26,1
DA:27,2
DA:28,1
DA:29,1
DA:30,1
LF:30
LH:30
BRDA:30,0,0,1
BRDA:30,1,0,1
BRDA:30,2,0,1
BRDA:30,3,0,0
BRDA:30,4,0,0
BRDA:30,5,0,0
BRDA:30,6,0,0
BRDA:30,7,0,1
BRDA:30,8,0,1
BRDA:30,9,0,1
BRDA:30,10,0,2
BRDA:30,11,0,2
BRDA:30,12,0,0
BRDA:30,13,0,2
BRDA:30,14,0,2
BRDA:30,15,0,1
BRDA:30,16,0,3
BRDA:30,17,0,1
BRDA:30,18,0,2
BRDA:30,19,0,2
BRDA:30,20,0,2
BRDA:30,21,0,0
BRDA:30,22,0,6
BRDA:30,23,0,4
BRDA:30,24,0,4
BRDA:30,25,0,0
BRDA:30,26,0,8
BRDA:30,27,0,0
BRDA:30,28,0,0
BRDA:30,29,0,0
BRDA:30,30,0,0
BRDA:30,31,0,4
BRDA:30,32,0,4
BRDA:30,33,0,2
BRDA:30,34,0,0
BRDA:30,35,0,0
BRDA:30,36,0,2
BRDA:30,37,0,0
BRDA:30,38,0,1
BRDA:30,39,0,0
BRDA:30,40,0,0
BRDA:30,41,0,0
BRDA:30,42,0,0
BRDA:30,43,0,4
BRDA:30,44,0,3
BRDA:30,45,0,1
BRDA:30,46,0,4
BRDA:30,47,0,2
BRDA:30,48,0,1
BRDA:30,49,0,0
BRDA:30,50,0,1
BRDA:30,51,0,0
BRDA:13,52,0,1
BRDA:14,53,0,2
BRDA:19,54,0,2
BRDA:30,55,0,2
BRDA:30,56,0,4
BRDA:20,57,0,2
BRDA:30,58,0,2
BRDA:22,59,0,1
BRF:60
BRH:40
end_of_record
TN:
SF:src/modules/users/services/UpdateProfileService.ts
FN:72,Object.<anonymous>
FN:72,Object.<anonymous>.__decorate
FN:72,Object.<anonymous>.__metadata
FN:72,Object.<anonymous>.__param
FN:72,Object.<anonymous>.__awaiter
FN:72,adopt
FN:72,fulfilled
FN:72,rejected
FN:72,step
FN:72,Object.<anonymous>.__generator
FN:72,sent
FN:72,g.<computed>
FN:72,verb
FN:72,step
FN:72,Object.<anonymous>.__importDefault
FN:19,UpdateProfileService
FN:27,Object.<anonymous>.UpdateProfileService.execute
FNF:17
FNH:15
FNDA:1,Object.<anonymous>
FNDA:1,Object.<anonymous>.__decorate
FNDA:1,Object.<anonymous>.__metadata
FNDA:2,Object.<anonymous>.__param
FNDA:6,Object.<anonymous>.__awaiter
FNDA:14,adopt
FNDA:14,fulfilled
FNDA:0,rejected
FNDA:16,step
FNDA:6,Object.<anonymous>.__generator
FNDA:14,sent
FNDA:0,g.<computed>
FNDA:18,verb
FNDA:20,step
FNDA:1,Object.<anonymous>.__importDefault
FNDA:6,UpdateProfileService
FNDA:6,Object.<anonymous>.UpdateProfileService.execute
DA:1,1
DA:2,1
DA:3,1
DA:4,1
DA:5,1
DA:6,1
DA:7,1
DA:8,1
DA:9,1
DA:10,1
DA:11,1
DA:12,1
DA:13,1
DA:14,1
DA:15,1
DA:16,1
DA:17,1
DA:18,1
DA:19,1
DA:20,6
DA:21,6
DA:22,6
DA:23,6
DA:24,6
DA:25,6
DA:26,1
DA:27,1
DA:28,6
DA:29,6
DA:30,6
DA:31,6
DA:32,6
DA:33,6
DA:34,6
DA:35,6
DA:36,6
DA:37,1
DA:38,1
DA:39,5
DA:40,5
DA:41,6
DA:42,6
DA:43,1
DA:44,1
DA:45,4
DA:46,4
DA:47,4
DA:48,4
DA:49,6
DA:50,1
DA:51,1
DA:52,1
DA:53,1
DA:54,3
DA:55,6
DA:56,2
DA:57,2
DA:58,2
DA:59,2
DA:60,6
DA:61,6
DA:62,1
DA:63,1
DA:64,1
DA:65,1
DA:66,6
DA:67,6
DA:68,6
DA:69,6
DA:70,1
DA:71,1
DA:72,1
LF:72
LH:72
BRDA:72,0,0,1
BRDA:72,1,0,1
BRDA:72,2,0,1
BRDA:72,3,0,0
BRDA:72,4,0,0
BRDA:72,5,0,0
BRDA:72,6,0,0
BRDA:72,7,0,1
BRDA:72,8,0,2
BRDA:72,9,0,2
BRDA:72,10,0,6
BRDA:72,11,0,14
BRDA:72,12,0,0
BRDA:72,13,0,6
BRDA:72,14,0,14
BRDA:72,15,0,10
BRDA:72,16,0,4
BRDA:72,17,0,16
BRDA:72,18,0,2
BRDA:72,19,0,14
BRDA:72,20,0,6
BRDA:72,21,0,14
BRDA:72,22,0,0
BRDA:72,23,0,18
BRDA:72,24,0,20
BRDA:72,25,0,20
BRDA:72,26,0,0
BRDA:72,27,0,41
BRDA:72,28,0,0
BRDA:72,29,0,0
BRDA:72,30,0,0
BRDA:72,31,0,0
BRDA:72,32,0,20
BRDA:72,33,0,20
BRDA:72,34,0,14
BRDA:72,35,0,0
BRDA:72,36,0,0
BRDA:72,37,0,7
BRDA:72,38,0,0
BRDA:72,39,0,3
BRDA:72,40,0,6
BRDA:72,41,0,1
BRDA:72,42,0,0
BRDA:72,43,0,1
BRDA:72,44,0,0
BRDA:72,45,0,0
BRDA:72,46,0,0
BRDA:72,47,0,21
BRDA:72,48,0,17
BRDA:72,49,0,4
BRDA:72,50,0,21
BRDA:72,51,0,6
BRDA:72,52,0,4
BRDA:72,53,0,2
BRDA:72,54,0,0
BRDA:72,55,0,1
BRDA:72,56,0,0
BRDA:18,57,0,1
BRDA:19,58,0,6
BRDA:27,59,0,6
BRDA:72,60,0,6
BRDA:72,61,0,21
BRDA:34,62,0,6
BRDA:72,63,0,6
BRDA:36,64,0,1
BRDA:38,65,0,5
BRDA:72,66,0,5
BRDA:42,67,0,1
BRDA:42,68,0,1
BRDA:44,69,0,4
BRDA:49,70,0,3
BRDA:49,71,0,1
BRDA:53,72,0,3
BRDA:55,73,0,2
BRDA:55,74,0,1
BRDA:55,75,0,2
BRDA:72,76,0,2
BRDA:61,77,0,1
BRDA:72,78,0,1
BRDA:68,79,0,2
BRF:80
BRH:60
end_of_record
TN:
SF:src/modules/users/services/UpdateUserAvatarService.ts
FN:42,Object.<anonymous>
FN:42,Object.<anonymous>.__decorate
FN:42,Object.<anonymous>.__metadata
FN:42,Object.<anonymous>.__param
FN:42,Object.<anonymous>.__awaiter
FN:42,adopt
FN:42,fulfilled
FN:42,rejected
FN:42,step
FN:42,Object.<anonymous>.__generator
FN:42,sent
FN:42,g.<computed>
FN:42,verb
FN:42,step
FN:42,Object.<anonymous>.__importDefault
FN:15,UpdateUserAvatarService
FN:23,Object.<anonymous>.UpdateUserAvatarService.execute
FNF:17
FNH:15
FNDA:1,Object.<anonymous>
FNDA:1,Object.<anonymous>.__decorate
FNDA:1,Object.<anonymous>.__metadata
FNDA:2,Object.<anonymous>.__param
FNDA:4,Object.<anonymous>.__awaiter
FNDA:10,adopt
FNDA:10,fulfilled
FNDA:0,rejected
FNDA:13,step
FNDA:4,Object.<anonymous>.__generator
FNDA:10,sent
FNDA:0,g.<computed>
FNDA:12,verb
FNDA:14,step
FNDA:1,Object.<anonymous>.__importDefault
FNDA:3,UpdateUserAvatarService
FNDA:4,Object.<anonymous>.UpdateUserAvatarService.execute
DA:1,1
DA:2,1
DA:3,1
DA:4,1
DA:5,1
DA:6,1
DA:7,1
DA:8,1
DA:9,1
DA:10,1
DA:11,1
DA:12,1
DA:13,1
DA:14,1
DA:15,1
DA:16,3
DA:17,3
DA:18,3
DA:19,3
DA:20,3
DA:21,3
DA:22,1
DA:23,1
DA:24,4
DA:25,4
DA:26,4
DA:27,1
DA:28,1
DA:29,3
DA:30,4
DA:31,1
DA:32,1
DA:33,3
DA:34,3
DA:35,4
DA:36,4
DA:37,4
DA:38,4
DA:39,4
DA:40,1
DA:41,1
DA:42,1
LF:42
LH:42
BRDA:42,0,0,1
BRDA:42,1,0,1
BRDA:42,2,0,1
BRDA:42,3,0,0
BRDA:42,4,0,0
BRDA:42,5,0,0
BRDA:42,6,0,0
BRDA:42,7,0,1
BRDA:42,8,0,2
BRDA:42,9,0,2
BRDA:42,10,0,4
BRDA:42,11,0,10
BRDA:42,12,0,0
BRDA:42,13,0,4
BRDA:42,14,0,10
BRDA:42,15,0,9
BRDA:42,16,0,1
BRDA:42,17,0,13
BRDA:42,18,0,3
BRDA:42,19,0,10
BRDA:42,20,0,4
BRDA:42,21,0,10
BRDA:42,22,0,0
BRDA:42,23,0,12
BRDA:42,24,0,14
BRDA:42,25,0,14
BRDA:42,26,0,0
BRDA:42,27,0,28
BRDA:42,28,0,0
BRDA:42,29,0,0
BRDA:42,30,0,0
BRDA:42,31,0,0
BRDA:42,32,0,14
BRDA:42,33,0,14
BRDA:42,34,0,10
BRDA:42,35,0,0
BRDA:42,36,0,0
BRDA:42,37,0,4
BRDA:42,38,0,0
BRDA:42,39,0,3
BRDA:42,40,0,0
BRDA:42,41,0,0
BRDA:42,42,0,0
BRDA:42,43,0,0
BRDA:42,44,0,14
BRDA:42,45,0,13
BRDA:42,46,0,1
BRDA:42,47,0,14
BRDA:42,48,0,4
BRDA:42,49,0,1
BRDA:42,50,0,3
BRDA:42,51,0,0
BRDA:42,52,0,1
BRDA:42,53,0,0
BRDA:14,54,0,1
BRDA:15,55,0,3
BRDA:23,56,0,4
BRDA:42,57,0,4
BRDA:42,58,0,14
BRDA:24,59,0,4
BRDA:42,60,0,4
BRDA:26,61,0,1
BRDA:28,62,0,3
BRDA:30,63,0,1
BRDA:32,64,0,3
BRDA:42,65,0,3
BRDA:42,66,0,3
BRF:67
BRH:47
end_of_record
